app/build/intermediates/manifest_merge_blame_file/debug/manifest-merger-blame-debug-report.txt
1<?xml version="1.0" encoding="utf-8"?>
2<manifest xmlns:android="http://schemas.android.com/apk/res/android"
3    package="com.ecomflexi.softwarelabbd"
4    android:versionCode="1"
5    android:versionName="1.0" >
6
7    <uses-sdk
8        android:minSdkVersion="26"
8-->src\main\AndroidManifest.xml
9        android:targetSdkVersion="34" />
9-->src\main\AndroidManifest.xml
10
11    <uses-permission android:name="android.permission.INTERNET" />
11-->src\main\AndroidManifest.xml:5:5-67
11-->src\main\AndroidManifest.xml:5:22-64
12    <uses-permission android:name="android.permission.ACCESS_NETWORK_STATE" />
12-->src\main\AndroidManifest.xml:6:5-79
12-->src\main\AndroidManifest.xml:6:22-76
13    <uses-permission android:name="android.permission.ACCESS_WIFI_STATE" />
13-->src\main\AndroidManifest.xml:7:5-76
13-->src\main\AndroidManifest.xml:7:22-73
14    <uses-permission android:name="android.permission.READ_EXTERNAL_STORAGE" />
14-->src\main\AndroidManifest.xml:8:5-80
14-->src\main\AndroidManifest.xml:8:22-77
15    <uses-permission android:name="android.permission.WRITE_EXTERNAL_STORAGE" />
15-->src\main\AndroidManifest.xml:9:5-81
15-->src\main\AndroidManifest.xml:9:22-78
16    <uses-permission android:name="android.permission.CAMERA" />
16-->src\main\AndroidManifest.xml:10:5-65
16-->src\main\AndroidManifest.xml:10:22-62
17    <uses-permission android:name="android.permission.USE_BIOMETRIC" />
17-->src\main\AndroidManifest.xml:11:5-72
17-->src\main\AndroidManifest.xml:11:22-69
18    <uses-permission android:name="android.permission.USE_FINGERPRINT" />
18-->src\main\AndroidManifest.xml:12:5-74
18-->src\main\AndroidManifest.xml:12:22-71
19    <uses-permission android:name="android.permission.POST_NOTIFICATIONS" />
19-->src\main\AndroidManifest.xml:13:5-77
19-->src\main\AndroidManifest.xml:13:22-74
20    <uses-permission android:name="android.permission.WAKE_LOCK" />
20-->src\main\AndroidManifest.xml:14:5-68
20-->src\main\AndroidManifest.xml:14:22-65
21    <uses-permission android:name="com.google.android.c2dm.permission.RECEIVE" />
21-->src\main\AndroidManifest.xml:15:5-82
21-->src\main\AndroidManifest.xml:15:22-79
22    <uses-permission android:name="com.google.android.finsky.permission.BIND_GET_INSTALL_REFERRER_SERVICE" />
22-->src\main\AndroidManifest.xml:16:5-110
22-->src\main\AndroidManifest.xml:16:22-107
23    <uses-permission android:name="com.google.android.gms.permission.AD_ID" /> <!-- Create a unique permission for your app and use it so only your app can receive your OneSignal messages. -->
23-->[com.google.android.gms:play-services-measurement-api:21.2.0] AndroidManifest.xml:25:5-79
23-->[com.google.android.gms:play-services-measurement-api:21.2.0] AndroidManifest.xml:25:22-76
24    <permission
24-->[com.onesignal:OneSignal:3.10.6] AndroidManifest.xml:8:5-10:47
25        android:name="com.ecomflexi.softwarelabbd.permission.C2D_MESSAGE"
25-->[com.onesignal:OneSignal:3.10.6] AndroidManifest.xml:9:9-63
26        android:protectionLevel="signature" />
26-->[com.onesignal:OneSignal:3.10.6] AndroidManifest.xml:10:9-44
27
28    <uses-permission android:name="com.ecomflexi.softwarelabbd.permission.C2D_MESSAGE" />
28-->[com.onesignal:OneSignal:3.10.6] AndroidManifest.xml:12:5-79
28-->[com.onesignal:OneSignal:3.10.6] AndroidManifest.xml:12:22-76
29    <!--
30 Required so the device vibrates on receiving a push notification.
31         Vibration settings of the device still apply.
32    -->
33    <uses-permission android:name="android.permission.VIBRATE" />
33-->[com.onesignal:OneSignal:3.10.6] AndroidManifest.xml:24:5-66
33-->[com.onesignal:OneSignal:3.10.6] AndroidManifest.xml:24:22-63
34    <!--
35 Use to restore notifications the user hasn't interacted with.
36         They could be missed notifications if the user reboots their device if this isn't in place.
37    -->
38    <uses-permission android:name="android.permission.RECEIVE_BOOT_COMPLETED" /> <!-- START: ShortcutBadger -->
38-->[com.onesignal:OneSignal:3.10.6] AndroidManifest.xml:30:5-81
38-->[com.onesignal:OneSignal:3.10.6] AndroidManifest.xml:30:22-78
39    <!-- Samsung -->
40    <uses-permission android:name="com.sec.android.provider.badge.permission.READ" />
40-->[com.onesignal:OneSignal:3.10.6] AndroidManifest.xml:32:5-86
40-->[com.onesignal:OneSignal:3.10.6] AndroidManifest.xml:32:22-83
41    <uses-permission android:name="com.sec.android.provider.badge.permission.WRITE" /> <!-- HTC -->
41-->[com.onesignal:OneSignal:3.10.6] AndroidManifest.xml:33:5-87
41-->[com.onesignal:OneSignal:3.10.6] AndroidManifest.xml:33:22-84
42    <uses-permission android:name="com.htc.launcher.permission.READ_SETTINGS" />
42-->[com.onesignal:OneSignal:3.10.6] AndroidManifest.xml:34:5-81
42-->[com.onesignal:OneSignal:3.10.6] AndroidManifest.xml:34:22-78
43    <uses-permission android:name="com.htc.launcher.permission.UPDATE_SHORTCUT" /> <!-- Sony -->
43-->[com.onesignal:OneSignal:3.10.6] AndroidManifest.xml:35:5-83
43-->[com.onesignal:OneSignal:3.10.6] AndroidManifest.xml:35:22-80
44    <uses-permission android:name="com.sonyericsson.home.permission.BROADCAST_BADGE" />
44-->[com.onesignal:OneSignal:3.10.6] AndroidManifest.xml:36:5-88
44-->[com.onesignal:OneSignal:3.10.6] AndroidManifest.xml:36:22-85
45    <uses-permission android:name="com.sonymobile.home.permission.PROVIDER_INSERT_BADGE" /> <!-- Apex -->
45-->[com.onesignal:OneSignal:3.10.6] AndroidManifest.xml:37:5-92
45-->[com.onesignal:OneSignal:3.10.6] AndroidManifest.xml:37:22-89
46    <uses-permission android:name="com.anddoes.launcher.permission.UPDATE_COUNT" /> <!-- Solid -->
46-->[com.onesignal:OneSignal:3.10.6] AndroidManifest.xml:38:5-84
46-->[com.onesignal:OneSignal:3.10.6] AndroidManifest.xml:38:22-81
47    <uses-permission android:name="com.majeur.launcher.permission.UPDATE_BADGE" /> <!-- Huawei -->
47-->[com.onesignal:OneSignal:3.10.6] AndroidManifest.xml:39:5-83
47-->[com.onesignal:OneSignal:3.10.6] AndroidManifest.xml:39:22-80
48    <uses-permission android:name="com.huawei.android.launcher.permission.CHANGE_BADGE" />
48-->[com.onesignal:OneSignal:3.10.6] AndroidManifest.xml:40:5-91
48-->[com.onesignal:OneSignal:3.10.6] AndroidManifest.xml:40:22-88
49    <uses-permission android:name="com.huawei.android.launcher.permission.READ_SETTINGS" />
49-->[com.onesignal:OneSignal:3.10.6] AndroidManifest.xml:41:5-92
49-->[com.onesignal:OneSignal:3.10.6] AndroidManifest.xml:41:22-89
50    <uses-permission android:name="com.huawei.android.launcher.permission.WRITE_SETTINGS" /> <!-- ZUK -->
50-->[com.onesignal:OneSignal:3.10.6] AndroidManifest.xml:42:5-93
50-->[com.onesignal:OneSignal:3.10.6] AndroidManifest.xml:42:22-90
51    <uses-permission android:name="android.permission.READ_APP_BADGE" /> <!-- OPPO -->
51-->[com.onesignal:OneSignal:3.10.6] AndroidManifest.xml:43:5-73
51-->[com.onesignal:OneSignal:3.10.6] AndroidManifest.xml:43:22-70
52    <uses-permission android:name="com.oppo.launcher.permission.READ_SETTINGS" />
52-->[com.onesignal:OneSignal:3.10.6] AndroidManifest.xml:44:5-82
52-->[com.onesignal:OneSignal:3.10.6] AndroidManifest.xml:44:22-79
53    <uses-permission android:name="com.oppo.launcher.permission.WRITE_SETTINGS" /> <!-- EvMe -->
53-->[com.onesignal:OneSignal:3.10.6] AndroidManifest.xml:45:5-83
53-->[com.onesignal:OneSignal:3.10.6] AndroidManifest.xml:45:22-80
54    <uses-permission android:name="me.everything.badger.permission.BADGE_COUNT_READ" />
54-->[com.onesignal:OneSignal:3.10.6] AndroidManifest.xml:46:5-88
54-->[com.onesignal:OneSignal:3.10.6] AndroidManifest.xml:46:22-85
55    <uses-permission android:name="me.everything.badger.permission.BADGE_COUNT_WRITE" />
55-->[com.onesignal:OneSignal:3.10.6] AndroidManifest.xml:47:5-89
55-->[com.onesignal:OneSignal:3.10.6] AndroidManifest.xml:47:22-86
56
57    <permission
57-->[androidx.core:core:1.13.0] AndroidManifest.xml:22:5-24:47
58        android:name="com.ecomflexi.softwarelabbd.DYNAMIC_RECEIVER_NOT_EXPORTED_PERMISSION"
58-->[androidx.core:core:1.13.0] AndroidManifest.xml:23:9-81
59        android:protectionLevel="signature" />
59-->[androidx.core:core:1.13.0] AndroidManifest.xml:24:9-44
60
61    <uses-permission android:name="com.ecomflexi.softwarelabbd.DYNAMIC_RECEIVER_NOT_EXPORTED_PERMISSION" />
61-->[androidx.core:core:1.13.0] AndroidManifest.xml:26:5-97
61-->[androidx.core:core:1.13.0] AndroidManifest.xml:26:22-94
62
63    <application
63-->src\main\AndroidManifest.xml:18:5-410:19
64        android:name="com.ecomflexi.softwarelabbd.activities.MyApplication"
64-->src\main\AndroidManifest.xml:19:9-49
65        android:allowBackup="true"
65-->src\main\AndroidManifest.xml:20:9-35
66        android:appComponentFactory="androidx.core.app.CoreComponentFactory"
66-->src\main\AndroidManifest.xml:21:9-77
67        android:dataExtractionRules="@xml/data_extraction_rules"
67-->src\main\AndroidManifest.xml:22:9-65
68        android:debuggable="true"
69        android:extractNativeLibs="false"
70        android:fullBackupContent="@xml/backup_rules"
70-->src\main\AndroidManifest.xml:23:9-54
71        android:icon="@mipmap/ic_launcher"
71-->src\main\AndroidManifest.xml:24:9-43
72        android:label="@string/app_name"
72-->src\main\AndroidManifest.xml:25:9-41
73        android:requestLegacyExternalStorage="true"
73-->src\main\AndroidManifest.xml:26:9-52
74        android:supportsRtl="true"
74-->src\main\AndroidManifest.xml:27:9-35
75        android:theme="@style/Theme.ecomflexi"
75-->src\main\AndroidManifest.xml:28:9-47
76        android:usesCleartextTraffic="true" >
76-->src\main\AndroidManifest.xml:29:9-44
77        <meta-data
77-->src\main\AndroidManifest.xml:32:9-35:54
78            android:name="com.google.firebase.messaging.default_notification_icon"
78-->src\main\AndroidManifest.xml:33:13-83
79            android:exported="true"
79-->src\main\AndroidManifest.xml:34:13-36
80            android:resource="@mipmap/ic_launcher" />
80-->src\main\AndroidManifest.xml:35:13-51
81        <meta-data
81-->src\main\AndroidManifest.xml:36:9-39:47
82            android:name="com.google.firebase.messaging.default_notification_color"
82-->src\main\AndroidManifest.xml:37:13-84
83            android:exported="true"
83-->src\main\AndroidManifest.xml:38:13-36
84            android:resource="@color/white" />
84-->src\main\AndroidManifest.xml:39:13-44
85
86        <provider
86-->src\main\AndroidManifest.xml:41:9-50:20
87            android:name="androidx.core.content.FileProvider"
87-->src\main\AndroidManifest.xml:42:13-62
88            android:authorities="com.ecomflexi.softwarelabbd.fileprovider"
88-->src\main\AndroidManifest.xml:43:13-75
89            android:exported="false"
89-->src\main\AndroidManifest.xml:44:13-37
90            android:grantUriPermissions="true" >
90-->src\main\AndroidManifest.xml:45:13-47
91            <meta-data
91-->src\main\AndroidManifest.xml:46:13-49:58
92                android:name="android.support.FILE_PROVIDER_PATHS"
92-->src\main\AndroidManifest.xml:47:17-67
93                android:exported="true"
93-->src\main\AndroidManifest.xml:48:17-40
94                android:resource="@xml/provider_paths" />
94-->src\main\AndroidManifest.xml:49:17-55
95        </provider>
96
97        <meta-data
97-->src\main\AndroidManifest.xml:51:9-54:35
98            android:name="com.google.firebase.ml.vision.DEPENDENCIES"
98-->src\main\AndroidManifest.xml:52:13-70
99            android:exported="true"
99-->src\main\AndroidManifest.xml:53:13-36
100            android:value="ocr" />
100-->src\main\AndroidManifest.xml:54:13-32
101
102        <uses-library
102-->src\main\AndroidManifest.xml:56:9-58:40
103            android:name="org.apache.http.legacy"
103-->src\main\AndroidManifest.xml:57:13-50
104            android:required="false" />
104-->src\main\AndroidManifest.xml:58:13-37
105
106        <activity
106-->src\main\AndroidManifest.xml:60:9-67:20
107            android:name="com.ecomflexi.softwarelabbd.Start"
107-->src\main\AndroidManifest.xml:61:13-61
108            android:exported="true" >
108-->src\main\AndroidManifest.xml:62:13-36
109            <intent-filter>
109-->src\main\AndroidManifest.xml:63:13-66:29
110                <action android:name="android.intent.action.MAIN" />
110-->src\main\AndroidManifest.xml:64:17-69
110-->src\main\AndroidManifest.xml:64:25-66
111
112                <category android:name="android.intent.category.LAUNCHER" />
112-->src\main\AndroidManifest.xml:65:17-77
112-->src\main\AndroidManifest.xml:65:27-74
113            </intent-filter>
114        </activity>
115        <activity
115-->src\main\AndroidManifest.xml:68:9-71:43
116            android:name="com.ecomflexi.softwarelabbd.view.MainActivityc"
116-->src\main\AndroidManifest.xml:69:13-74
117            android:exported="true"
117-->src\main\AndroidManifest.xml:70:13-36
118            android:label="New Request" />
118-->src\main\AndroidManifest.xml:71:13-40
119        <activity
119-->src\main\AndroidManifest.xml:72:9-75:42
120            android:name="com.ecomflexi.softwarelabbd.Myprofile"
120-->src\main\AndroidManifest.xml:73:13-65
121            android:exported="true"
121-->src\main\AndroidManifest.xml:74:13-36
122            android:label="My profile" />
122-->src\main\AndroidManifest.xml:75:13-39
123        <activity
123-->src\main\AndroidManifest.xml:76:9-79:40
124            android:name="com.ecomflexi.softwarelabbd.Twostep"
124-->src\main\AndroidManifest.xml:77:13-63
125            android:exported="true"
125-->src\main\AndroidManifest.xml:78:13-36
126            android:label="Two step" />
126-->src\main\AndroidManifest.xml:79:13-37
127        <activity
127-->src\main\AndroidManifest.xml:80:9-83:44
128            android:name="com.ecomflexi.softwarelabbd.Addpic"
128-->src\main\AndroidManifest.xml:81:13-62
129            android:exported="true"
129-->src\main\AndroidManifest.xml:82:13-36
130            android:label="Scan Id Card" />
130-->src\main\AndroidManifest.xml:83:13-41
131        <activity
131-->src\main\AndroidManifest.xml:84:9-87:42
132            android:name="com.ecomflexi.softwarelabbd.Cropm"
132-->src\main\AndroidManifest.xml:85:13-61
133            android:exported="true"
133-->src\main\AndroidManifest.xml:86:13-36
134            android:label="Crop Image" />
134-->src\main\AndroidManifest.xml:87:13-39
135        <activity
135-->src\main\AndroidManifest.xml:88:9-91:40
136            android:name="com.ecomflexi.softwarelabbd.Billpay"
136-->src\main\AndroidManifest.xml:89:13-63
137            android:exported="true"
137-->src\main\AndroidManifest.xml:90:13-36
138            android:label="Bill pay" />
138-->src\main\AndroidManifest.xml:91:13-37
139        <activity
139-->src\main\AndroidManifest.xml:92:9-95:51
140            android:name="com.ecomflexi.softwarelabbd.New_support"
140-->src\main\AndroidManifest.xml:93:13-67
141            android:exported="true"
141-->src\main\AndroidManifest.xml:94:13-36
142            android:label="New Support Tricket" />
142-->src\main\AndroidManifest.xml:95:13-48
143        <activity
143-->src\main\AndroidManifest.xml:96:9-99:47
144            android:name="com.ecomflexi.softwarelabbd.Tricket_main_read"
144-->src\main\AndroidManifest.xml:97:13-73
145            android:exported="true"
145-->src\main\AndroidManifest.xml:98:13-36
146            android:label="Support Tricket" />
146-->src\main\AndroidManifest.xml:99:13-44
147        <activity
147-->src\main\AndroidManifest.xml:100:9-103:47
148            android:name="com.ecomflexi.softwarelabbd.Tricket_main"
148-->src\main\AndroidManifest.xml:101:13-68
149            android:exported="true"
149-->src\main\AndroidManifest.xml:102:13-36
150            android:label="Support Tricket" />
150-->src\main\AndroidManifest.xml:103:13-44
151        <activity
151-->src\main\AndroidManifest.xml:104:9-107:46
152            android:name="com.ecomflexi.softwarelabbd.RegisterActivity"
152-->src\main\AndroidManifest.xml:105:13-72
153            android:exported="true"
153-->src\main\AndroidManifest.xml:106:13-36
154            android:label="Create Account" />
154-->src\main\AndroidManifest.xml:107:13-43
155        <activity
155-->src\main\AndroidManifest.xml:108:9-111:44
156            android:name="com.ecomflexi.softwarelabbd.Welcome"
156-->src\main\AndroidManifest.xml:109:13-63
157            android:exported="true"
157-->src\main\AndroidManifest.xml:110:13-36
158            android:label="Service list" />
158-->src\main\AndroidManifest.xml:111:13-41
159        <activity
159-->src\main\AndroidManifest.xml:112:9-115:45
160            android:name="com.ecomflexi.softwarelabbd.Banktransfer"
160-->src\main\AndroidManifest.xml:113:13-68
161            android:exported="true"
161-->src\main\AndroidManifest.xml:114:13-36
162            android:label="Bank Transfer" />
162-->src\main\AndroidManifest.xml:115:13-42
163        <activity
163-->src\main\AndroidManifest.xml:116:9-118:43
164            android:name="com.ecomflexi.softwarelabbd.PinActivity"
164-->src\main\AndroidManifest.xml:117:13-67
165            android:label="Pin Confirm" />
165-->src\main\AndroidManifest.xml:118:13-40
166        <activity
166-->src\main\AndroidManifest.xml:119:9-122:39
167            android:name="com.ecomflexi.softwarelabbd.Mainlist"
167-->src\main\AndroidManifest.xml:120:13-64
168            android:exported="true"
168-->src\main\AndroidManifest.xml:121:13-36
169            android:label="History" />
169-->src\main\AndroidManifest.xml:122:13-36
170        <activity
170-->src\main\AndroidManifest.xml:123:9-126:44
171            android:name="com.ecomflexi.softwarelabbd.News"
171-->src\main\AndroidManifest.xml:124:13-60
172            android:exported="true"
172-->src\main\AndroidManifest.xml:125:13-36
173            android:label="Notice Board" />
173-->src\main\AndroidManifest.xml:126:13-41
174        <activity
174-->src\main\AndroidManifest.xml:127:9-130:39
175            android:name="com.ecomflexi.softwarelabbd.web"
175-->src\main\AndroidManifest.xml:128:13-59
176            android:exported="true"
176-->src\main\AndroidManifest.xml:129:13-36
177            android:label="Welcome" />
177-->src\main\AndroidManifest.xml:130:13-36
178        <activity
178-->src\main\AndroidManifest.xml:131:9-134:38
179            android:name="com.ecomflexi.softwarelabbd.MainActivity"
179-->src\main\AndroidManifest.xml:132:13-68
180            android:exported="true"
180-->src\main\AndroidManifest.xml:133:13-36
181            android:label="Signin" />
181-->src\main\AndroidManifest.xml:134:13-35
182        <activity
182-->src\main\AndroidManifest.xml:135:9-138:35
183            android:name="com.ecomflexi.softwarelabbd.pinver"
183-->src\main\AndroidManifest.xml:136:13-62
184            android:exported="true"
184-->src\main\AndroidManifest.xml:137:13-36
185            android:label="Pin" />
185-->src\main\AndroidManifest.xml:138:13-32
186        <activity
186-->src\main\AndroidManifest.xml:139:9-142:43
187            android:name="com.ecomflexi.softwarelabbd.DisplayActivity"
187-->src\main\AndroidManifest.xml:140:13-71
188            android:exported="true"
188-->src\main\AndroidManifest.xml:141:13-36
189            android:label="New Request" />
189-->src\main\AndroidManifest.xml:142:13-40
190        <activity
190-->src\main\AndroidManifest.xml:143:9-146:43
191            android:name="com.ecomflexi.softwarelabbd.DisplayActivitya"
191-->src\main\AndroidManifest.xml:144:13-72
192            android:exported="true"
192-->src\main\AndroidManifest.xml:145:13-36
193            android:label="New Request" />
193-->src\main\AndroidManifest.xml:146:13-40
194        <activity
194-->src\main\AndroidManifest.xml:147:9-150:47
195            android:name="com.ecomflexi.softwarelabbd.Operator"
195-->src\main\AndroidManifest.xml:148:13-64
196            android:exported="true"
196-->src\main\AndroidManifest.xml:149:13-36
197            android:label="Select Operator" />
197-->src\main\AndroidManifest.xml:150:13-44
198        <activity
198-->src\main\AndroidManifest.xml:151:9-154:44
199            android:name="com.ecomflexi.softwarelabbd.Addres"
199-->src\main\AndroidManifest.xml:152:13-62
200            android:exported="true"
200-->src\main\AndroidManifest.xml:153:13-36
201            android:label="Add reseller" />
201-->src\main\AndroidManifest.xml:154:13-41
202        <activity
202-->src\main\AndroidManifest.xml:155:9-158:44
203            android:name="com.ecomflexi.softwarelabbd.Myreseller"
203-->src\main\AndroidManifest.xml:156:13-66
204            android:exported="true"
204-->src\main\AndroidManifest.xml:157:13-36
205            android:label="Add reseller" />
205-->src\main\AndroidManifest.xml:158:13-41
206        <activity
206-->src\main\AndroidManifest.xml:159:9-162:38
207            android:name="com.ecomflexi.softwarelabbd.Signin"
207-->src\main\AndroidManifest.xml:160:13-62
208            android:exported="true"
208-->src\main\AndroidManifest.xml:161:13-36
209            android:label="Signin" />
209-->src\main\AndroidManifest.xml:162:13-35
210        <activity
210-->src\main\AndroidManifest.xml:163:9-166:39
211            android:name="com.ecomflexi.softwarelabbd.Url"
211-->src\main\AndroidManifest.xml:164:13-59
212            android:exported="true"
212-->src\main\AndroidManifest.xml:165:13-36
213            android:label="Add url" />
213-->src\main\AndroidManifest.xml:166:13-36
214        <activity
214-->src\main\AndroidManifest.xml:167:9-170:40
215            android:name="com.ecomflexi.softwarelabbd.Develop"
215-->src\main\AndroidManifest.xml:168:13-63
216            android:exported="true"
216-->src\main\AndroidManifest.xml:169:13-36
217            android:label="About us" />
217-->src\main\AndroidManifest.xml:170:13-37
218        <activity
218-->src\main\AndroidManifest.xml:171:9-174:42
219            android:name="com.ecomflexi.softwarelabbd.service_a"
219-->src\main\AndroidManifest.xml:172:13-65
220            android:exported="true"
220-->src\main\AndroidManifest.xml:173:13-36
221            android:label="Service us" />
221-->src\main\AndroidManifest.xml:174:13-39
222        <activity
222-->src\main\AndroidManifest.xml:175:9-178:36
223            android:name="com.ecomflexi.softwarelabbd.Editres"
223-->src\main\AndroidManifest.xml:176:13-63
224            android:exported="true"
224-->src\main\AndroidManifest.xml:177:13-36
225            android:label="Edit" />
225-->src\main\AndroidManifest.xml:178:13-33
226        <activity
226-->src\main\AndroidManifest.xml:179:9-182:39
227            android:name="com.ecomflexi.softwarelabbd.Payment"
227-->src\main\AndroidManifest.xml:180:13-63
228            android:exported="true"
228-->src\main\AndroidManifest.xml:181:13-36
229            android:label="Payment" />
229-->src\main\AndroidManifest.xml:182:13-36
230        <activity
230-->src\main\AndroidManifest.xml:183:9-186:40
231            android:name="com.ecomflexi.softwarelabbd.Transfer"
231-->src\main\AndroidManifest.xml:184:13-64
232            android:exported="true"
232-->src\main\AndroidManifest.xml:185:13-36
233            android:label="Transfer" />
233-->src\main\AndroidManifest.xml:186:13-37
234        <activity
234-->src\main\AndroidManifest.xml:187:9-190:40
235            android:name="com.ecomflexi.softwarelabbd.Smssend"
235-->src\main\AndroidManifest.xml:188:13-63
236            android:exported="true"
236-->src\main\AndroidManifest.xml:189:13-36
237            android:label="Send Sms" />
237-->src\main\AndroidManifest.xml:190:13-37
238        <activity
238-->src\main\AndroidManifest.xml:191:9-194:39
239            android:name="com.ecomflexi.softwarelabbd.history_op"
239-->src\main\AndroidManifest.xml:192:13-66
240            android:exported="true"
240-->src\main\AndroidManifest.xml:193:13-36
241            android:label="History" />
241-->src\main\AndroidManifest.xml:194:13-36
242        <activity
242-->src\main\AndroidManifest.xml:195:9-198:47
243            android:name="com.ecomflexi.softwarelabbd.Password"
243-->src\main\AndroidManifest.xml:196:13-64
244            android:exported="true"
244-->src\main\AndroidManifest.xml:197:13-36
245            android:label="Password Change" />
245-->src\main\AndroidManifest.xml:198:13-44
246        <activity
246-->src\main\AndroidManifest.xml:199:9-202:42
247            android:name="com.ecomflexi.softwarelabbd.Pinc"
247-->src\main\AndroidManifest.xml:200:13-60
248            android:exported="true"
248-->src\main\AndroidManifest.xml:201:13-36
249            android:label="Pin change" />
249-->src\main\AndroidManifest.xml:202:13-39
250        <activity
250-->src\main\AndroidManifest.xml:203:9-206:41
251            android:name="com.ecomflexi.softwarelabbd.mydevice"
251-->src\main\AndroidManifest.xml:204:13-64
252            android:exported="true"
252-->src\main\AndroidManifest.xml:205:13-36
253            android:label="My Device" />
253-->src\main\AndroidManifest.xml:206:13-38
254        <activity
254-->src\main\AndroidManifest.xml:207:9-210:44
255            android:name="com.ecomflexi.softwarelabbd.makepay"
255-->src\main\AndroidManifest.xml:208:13-63
256            android:exported="true"
256-->src\main\AndroidManifest.xml:209:13-36
257            android:label="Make payment" />
257-->src\main\AndroidManifest.xml:210:13-41
258        <activity
258-->src\main\AndroidManifest.xml:211:9-214:47
259            android:name="com.ecomflexi.softwarelabbd.Internet"
259-->src\main\AndroidManifest.xml:212:13-64
260            android:exported="true"
260-->src\main\AndroidManifest.xml:213:13-36
261            android:label="Internet Pakage" />
261-->src\main\AndroidManifest.xml:214:13-44
262        <activity
262-->src\main\AndroidManifest.xml:215:9-218:47
263            android:name="com.ecomflexi.softwarelabbd.InternetActivity"
263-->src\main\AndroidManifest.xml:216:13-72
264            android:exported="true"
264-->src\main\AndroidManifest.xml:217:13-36
265            android:label="Internet Pakage" />
265-->src\main\AndroidManifest.xml:218:13-44
266        <activity
266-->src\main\AndroidManifest.xml:219:9-222:44
267            android:name="com.ecomflexi.softwarelabbd.Payment_type"
267-->src\main\AndroidManifest.xml:220:13-68
268            android:exported="true"
268-->src\main\AndroidManifest.xml:221:13-36
269            android:label="Payment type" />
269-->src\main\AndroidManifest.xml:222:13-41
270        <activity
270-->src\main\AndroidManifest.xml:223:9-226:43
271            android:name="com.ecomflexi.softwarelabbd.Dlock"
271-->src\main\AndroidManifest.xml:224:13-61
272            android:exported="true"
272-->src\main\AndroidManifest.xml:225:13-36
273            android:label="Device Lock" />
273-->src\main\AndroidManifest.xml:226:13-40
274
275        <receiver
275-->src\main\AndroidManifest.xml:228:9-236:20
276            android:name="com.ecomflexi.softwarelabbd.FirebaseBroadcastReceiver"
276-->src\main\AndroidManifest.xml:229:13-81
277            android:exported="true"
277-->src\main\AndroidManifest.xml:230:13-36
278            android:permission="com.google.android.c2dm.permission.SEND" >
278-->src\main\AndroidManifest.xml:231:13-73
279            <intent-filter>
279-->src\main\AndroidManifest.xml:232:13-235:29
280                <action android:name="com.google.android.c2dm.intent.RECEIVE" />
280-->src\main\AndroidManifest.xml:233:17-81
280-->src\main\AndroidManifest.xml:233:25-78
281
282                <category android:name="com.ecomflexi.softwarelabbd" />
282-->src\main\AndroidManifest.xml:234:17-72
282-->src\main\AndroidManifest.xml:234:27-69
283            </intent-filter>
284        </receiver>
285
286        <provider
286-->src\main\AndroidManifest.xml:237:9-241:40
287            android:name="com.squareup.picasso.PicassoProvider"
287-->src\main\AndroidManifest.xml:239:13-64
288            android:authorities="com.ecomflexi.softwarelabbd.com.squareup.picasso"
288-->src\main\AndroidManifest.xml:240:13-83
289            android:exported="false" />
289-->src\main\AndroidManifest.xml:241:13-37
290
291        <service
291-->src\main\AndroidManifest.xml:242:9-260:19
292            android:name="com.google.firebase.components.ComponentDiscoveryService"
292-->src\main\AndroidManifest.xml:243:13-84
293            android:directBootAware="true"
293-->[com.google.firebase:firebase-common:20.2.0] AndroidManifest.xml:34:13-43
294            android:exported="false" >
294-->src\main\AndroidManifest.xml:244:13-37
295            <meta-data
295-->src\main\AndroidManifest.xml:245:13-247:85
296                android:name="com.google.firebase.components:com.google.firebase.ml.vision.VisionRegistrar"
296-->src\main\AndroidManifest.xml:246:17-108
297                android:value="com.google.firebase.components.ComponentRegistrar" />
297-->src\main\AndroidManifest.xml:247:17-82
298            <meta-data
298-->src\main\AndroidManifest.xml:248:13-250:85
299                android:name="com.google.firebase.components:com.google.firebase.auth.FirebaseAuthRegistrar"
299-->src\main\AndroidManifest.xml:249:17-109
300                android:value="com.google.firebase.components.ComponentRegistrar" />
300-->src\main\AndroidManifest.xml:250:17-82
301            <meta-data
301-->src\main\AndroidManifest.xml:251:13-253:85
302                android:name="com.google.firebase.components:com.google.firebase.ml.common.CommonComponentRegistrar"
302-->src\main\AndroidManifest.xml:252:17-117
303                android:value="com.google.firebase.components.ComponentRegistrar" />
303-->src\main\AndroidManifest.xml:253:17-82
304            <meta-data
304-->src\main\AndroidManifest.xml:254:13-256:85
305                android:name="com.google.firebase.components:com.google.firebase.analytics.connector.internal.AnalyticsConnectorRegistrar"
305-->src\main\AndroidManifest.xml:255:17-139
306                android:value="com.google.firebase.components.ComponentRegistrar" />
306-->src\main\AndroidManifest.xml:256:17-82
307            <meta-data
307-->src\main\AndroidManifest.xml:257:13-259:85